<?xml version="1.0" encoding="UTF-8"?>
<!-- Generated by org.testng.reporters.JUnitReportReporter -->
<testsuite skipped="0" hostname="LAPTOP-JKTJG1NU" name="Test.HRPortalExtent" tests="1" failures="0" timestamp="24 Jul 2020 13:07:32 GMT" time="23.545" errors="0">
  <testcase name="login" time="23.545" classname="Test.HRPortalExtent"/>
</testsuite> <!-- Test.HRPortalExtent -->
