<?xml version="1.0" encoding="UTF-8"?>
<!-- Generated by org.testng.reporters.JUnitReportReporter -->
<testsuite skipped="0" hostname="LAPTOP-JKTJG1NU" name="Test.BasicExtentReport" tests="1" failures="0" timestamp="24 Jul 2020 06:20:49 GMT" time="0.034" errors="0">
  <testcase name="f" time="0.034" classname="Test.BasicExtentReport"/>
</testsuite> <!-- Test.BasicExtentReport -->
