<?xml version="1.0" encoding="UTF-8"?>
<!-- Generated by org.testng.reporters.JUnitReportReporter -->
<testsuite skipped="6" hostname="LAPTOP-JKTJG1NU" name="HRportalPOM.HRPortalTest" tests="12" failures="0" timestamp="17 Jul 2020 08:02:56 GMT" time="71.270" errors="0">
  <testcase name="login" time="11.606" classname="HRportalPOM.HRPortalTest"/>
  <testcase name="dashBoard" time="4.322" classname="HRportalPOM.HRPortalTest"/>
  <testcase name="projectslink" time="5.324" classname="HRportalPOM.HRPortalTest"/>
  <testcase name="appliedLeaves" time="39.784" classname="HRportalPOM.HRPortalTest"/>
  <testcase name="resumeDashBoard" time="6.837" classname="HRportalPOM.HRPortalTest"/>
  <testcase name="downloadhrpolicies" time="3.397" classname="HRportalPOM.HRPortalTest"/>
  <testcase name="logout" classname="HRportalPOM.HRPortalTest">
    <skipped/>
  </testcase> <!-- logout -->
  <testcase name="projects" classname="HRportalPOM.HRPortalTest">
    <skipped/>
  </testcase> <!-- projects -->
  <testcase name="timesheet" classname="HRportalPOM.HRPortalTest">
    <skipped/>
  </testcase> <!-- timesheet -->
  <testcase name="weeklyActivity" classname="HRportalPOM.HRPortalTest">
    <skipped/>
  </testcase> <!-- weeklyActivity -->
  <testcase name="leaveRequest" classname="HRportalPOM.HRPortalTest">
    <skipped/>
  </testcase> <!-- leaveRequest -->
  <testcase name="addNewTask" classname="HRportalPOM.HRPortalTest">
    <skipped/>
  </testcase> <!-- addNewTask -->
</testsuite> <!-- HRportalPOM.HRPortalTest -->
