<?xml version="1.0" encoding="UTF-8"?>
<!-- Generated by org.testng.reporters.JUnitReportReporter -->
<testsuite skipped="0" hostname="LAPTOP-JKTJG1NU" name="Test.HrPortalmultilogins" tests="1" failures="0" timestamp="14 Jul 2020 06:58:38 GMT" time="20.687" errors="0">
  <testcase name="multiLogins" time="20.687" classname="Test.HrPortalmultilogins"/>
</testsuite> <!-- Test.HrPortalmultilogins -->
