<?xml version="1.0" encoding="UTF-8"?>
<!-- Generated by org.testng.reporters.JUnitReportReporter -->
<testsuite skipped="0" hostname="LAPTOP-JKTJG1NU" name="Test.Testparameters" tests="1" failures="0" timestamp="10 Jul 2020 13:35:00 GMT" time="8.091" errors="0">
  <testcase name="login" time="8.091" classname="Test.Testparameters"/>
</testsuite> <!-- Test.Testparameters -->
