<?xml version="1.0" encoding="UTF-8"?>
<!-- Generated by org.testng.reporters.JUnitReportReporter -->
<testsuite skipped="1" hostname="LAPTOP-JKTJG1NU" name="Test.Testee" tests="4" failures="0" timestamp="07 Jul 2020 06:34:04 GMT" time="24.635" errors="0">
  <testcase name="login" time="5.373" classname="Test.Testee"/>
  <testcase name="dashboard" time="2.467" classname="Test.Testee"/>
  <testcase name="projects" time="16.795" classname="Test.Testee"/>
  <testcase name="alllinks" classname="Test.Testee">
    <skipped/>
  </testcase> <!-- alllinks -->
</testsuite> <!-- Test.Testee -->
