<?xml version="1.0" encoding="UTF-8"?>
<!-- Generated by org.testng.reporters.JUnitReportReporter -->
<testsuite skipped="1" hostname="LAPTOP-JKTJG1NU" name="Test.HrPortal" tests="5" failures="0" timestamp="15 Jul 2020 09:10:48 GMT" time="49.574" errors="0">
  <testcase name="login" time="6.497" classname="Test.HrPortal"/>
  <testcase name="dashboard" time="3.166" classname="Test.HrPortal"/>
  <testcase name="projects" time="17.321" classname="Test.HrPortal"/>
  <testcase name="addprojects" time="22.590" classname="Test.HrPortal"/>
  <testcase name="alllinks" classname="Test.HrPortal">
    <skipped/>
  </testcase> <!-- alllinks -->
</testsuite> <!-- Test.HrPortal -->
