<?xml version="1.0" encoding="UTF-8"?>
<!-- Generated by org.testng.reporters.JUnitReportReporter -->
<testsuite skipped="0" hostname="LAPTOP-JKTJG1NU" name="Test.TestDataProvider" tests="3" failures="0" timestamp="10 Jul 2020 13:33:50 GMT" time="90.390" errors="0">
  <testcase name="login" time="25.827" classname="Test.TestDataProvider"/>
  <testcase name="login" time="34.221" classname="Test.TestDataProvider"/>
  <testcase name="login" time="30.342" classname="Test.TestDataProvider"/>
</testsuite> <!-- Test.TestDataProvider -->
