<?xml version="1.0" encoding="UTF-8"?>
<!-- Generated by org.testng.reporters.JUnitReportReporter -->
<testsuite skipped="0" hostname="LAPTOP-JKTJG1NU" name="Test.Extentreportdemo" tests="1" failures="0" timestamp="24 Jul 2020 12:49:55 GMT" time="8.258" errors="0">
  <testcase name="extentReportsDemo" time="8.258" classname="Test.Extentreportdemo"/>
</testsuite> <!-- Test.Extentreportdemo -->
